<?xml version="1.0" encoding="UTF-8"?>
<!-- Generated by org.testng.reporters.JUnitReportReporter -->
<testsuite hostname="WAPCRPn1YbT1NUA" failures="0" tests="1" name="artifactid.TextFileCreation2Test" time="0.012" errors="0" timestamp="2023-09-15T19:47:03 IST" skipped="0">
  <testcase classname="artifactid.TextFileCreation2Test" name="FileCreation" time="0.012"/>
</testsuite> <!-- artifactid.TextFileCreation2Test -->
