<?xml version="1.0" encoding="UTF-8"?>
<testsuite xmlns:xsi="http://www.w3.org/2001/XMLSchema-instance" xsi:noNamespaceSchemaLocation="https://maven.apache.org/surefire/maven-surefire-plugin/xsd/surefire-test-report-3.0.xsd" version="3.0" name="TestSuite" time="1.272" tests="2" errors="0" skipped="0" failures="0">
  <properties>
    <property name="sun.desktop" value="windows"/>
    <property name="awt.toolkit" value="sun.awt.windows.WToolkit"/>
    <property name="java.specification.version" value="11"/>
    <property name="sun.cpu.isalist" value="amd64"/>
    <property name="sun.jnu.encoding" value="Cp1252"/>
    <property name="java.class.path" value="C:\Users\koripalli.sravani\OneDrive - ServiceNow\Desktop\learning\artifactid\target\test-classes;C:\Users\koripalli.sravani\OneDrive - ServiceNow\Desktop\learning\artifactid\target\classes;C:\Users\koripalli.sravani\.m2\repository\junit\junit\4.13.2\junit-4.13.2.jar;C:\Users\koripalli.sravani\.m2\repository\org\hamcrest\hamcrest-core\1.3\hamcrest-core-1.3.jar;C:\Users\koripalli.sravani\.m2\repository\org\testng\testng\7.8.0\testng-7.8.0.jar;C:\Users\koripalli.sravani\.m2\repository\org\slf4j\slf4j-api\1.7.36\slf4j-api-1.7.36.jar;C:\Users\koripalli.sravani\.m2\repository\com\beust\jcommander\1.82\jcommander-1.82.jar;C:\Users\koripalli.sravani\.m2\repository\org\webjars\jquery\3.6.1\jquery-3.6.1.jar;"/>
    <property name="java.vm.vendor" value="Oracle Corporation"/>
    <property name="sun.arch.data.model" value="64"/>
    <property name="user.variant" value=""/>
    <property name="java.vendor.url" value="https://openjdk.java.net/"/>
    <property name="user.timezone" value="Asia/Calcutta"/>
    <property name="java.vm.specification.version" value="11"/>
    <property name="os.name" value="Windows 10"/>
    <property name="sun.java.launcher" value="SUN_STANDARD"/>
    <property name="user.country" value="US"/>
    <property name="sun.boot.library.path" value="C:\Program Files\Java\jdk-11\bin"/>
    <property name="sun.java.command" value="C:\Users\koripalli.sravani\AppData\Local\Temp\1\surefire7372535478618419375\surefirebooter-20230915194700651_3.jar C:\Users\koripalli.sravani\AppData\Local\Temp\1\surefire7372535478618419375 2023-09-15T19-47-00_246-jvmRun1 surefire-20230915194700651_1tmp surefire_0-20230915194700651_2tmp"/>
    <property name="jdk.debug" value="release"/>
    <property name="surefire.test.class.path" value="C:\Users\koripalli.sravani\OneDrive - ServiceNow\Desktop\learning\artifactid\target\test-classes;C:\Users\koripalli.sravani\OneDrive - ServiceNow\Desktop\learning\artifactid\target\classes;C:\Users\koripalli.sravani\.m2\repository\junit\junit\4.13.2\junit-4.13.2.jar;C:\Users\koripalli.sravani\.m2\repository\org\hamcrest\hamcrest-core\1.3\hamcrest-core-1.3.jar;C:\Users\koripalli.sravani\.m2\repository\org\testng\testng\7.8.0\testng-7.8.0.jar;C:\Users\koripalli.sravani\.m2\repository\org\slf4j\slf4j-api\1.7.36\slf4j-api-1.7.36.jar;C:\Users\koripalli.sravani\.m2\repository\com\beust\jcommander\1.82\jcommander-1.82.jar;C:\Users\koripalli.sravani\.m2\repository\org\webjars\jquery\3.6.1\jquery-3.6.1.jar;"/>
    <property name="sun.cpu.endian" value="little"/>
    <property name="user.home" value="C:\Users\koripalli.sravani"/>
    <property name="user.language" value="en"/>
    <property name="java.specification.vendor" value="Oracle Corporation"/>
    <property name="java.version.date" value="2023-04-18"/>
    <property name="java.home" value="C:\Program Files\Java\jdk-11"/>
    <property name="file.separator" value="\"/>
    <property name="basedir" value="C:\Users\koripalli.sravani\OneDrive - ServiceNow\Desktop\learning\artifactid"/>
    <property name="java.vm.compressedOopsMode" value="Zero based"/>
    <property name="line.separator" value="&#10;"/>
    <property name="java.specification.name" value="Java Platform API Specification"/>
    <property name="java.vm.specification.vendor" value="Oracle Corporation"/>
    <property name="java.awt.graphicsenv" value="sun.awt.Win32GraphicsEnvironment"/>
    <property name="surefire.real.class.path" value="C:\Users\koripalli.sravani\AppData\Local\Temp\1\surefire7372535478618419375\surefirebooter-20230915194700651_3.jar"/>
    <property name="user.script" value=""/>
    <property name="sun.management.compiler" value="HotSpot 64-Bit Tiered Compilers"/>
    <property name="java.runtime.version" value="11.0.19+9-LTS-224"/>
    <property name="user.name" value="koripalli.sravani"/>
    <property name="path.separator" value=";"/>
    <property name="os.version" value="10.0"/>
    <property name="java.runtime.name" value="Java(TM) SE Runtime Environment"/>
    <property name="file.encoding" value="Cp1252"/>
    <property name="java.vm.name" value="Java HotSpot(TM) 64-Bit Server VM"/>
    <property name="java.vendor.version" value="18.9"/>
    <property name="localRepository" value="C:\Users\koripalli.sravani\.m2\repository"/>
    <property name="java.vendor.url.bug" value="https://bugreport.java.com/bugreport/"/>
    <property name="java.io.tmpdir" value="C:\Users\KORIPA~1.SRA\AppData\Local\Temp\1\"/>
    <property name="java.version" value="11.0.19"/>
    <property name="user.dir" value="C:\Users\koripalli.sravani\OneDrive - ServiceNow\Desktop\learning\artifactid"/>
    <property name="os.arch" value="amd64"/>
    <property name="java.vm.specification.name" value="Java Virtual Machine Specification"/>
    <property name="java.awt.printerjob" value="sun.awt.windows.WPrinterJob"/>
    <property name="sun.os.patch.level" value=""/>
    <property name="java.library.path" value="C:\Program Files\Java\jdk-11\bin;C:\Windows\Sun\Java\bin;C:\Windows\system32;C:\Windows;C:\Users\koripalli.sravani\Program files\apache-maven-3.9.2-bin\apache-maven-3.9.2/bin;C:\Program Files\Java\jdk-11/bin;C:\Program Files\Java\jdk-11/bin;C:\Program Files\Common Files\Oracle\Java\javapath;C:\Windows\system32;C:\Windows;C:\Windows\System32\Wbem;C:\Windows\System32\WindowsPowerShell\v1.0\;C:\Windows\System32\OpenSSH\;C:\Program Files\Java\jdk-11\bin;C:\Users\koripalli.sravani\Program files\apache-maven-3.9.2-bin\apache-maven-3.9.2\bin;C:\Users\koripalli.sravani\Program files\apache-maven-3.9.2-bin\apache-maven-3.9.2\bin;C:\Users\koripalli.sravani\Program files\apache-maven-3.9.2-bin\apache-maven-3.9.2\;C:\Users\koripalli.sravani\AppData\Local\Microsoft\WindowsApps;C:\Users\koripalli.sravani\AppData\Local\Programs\Microsoft VS Code\bin;C:\Users\koripalli.sravani\Program files\apache-maven-3.9.2-bin\apache-maven-3.9.2\bin;C:\Users\koripalli.sravani\AppData\Local\Programs\Git\cmd;."/>
    <property name="java.vendor" value="Oracle Corporation"/>
    <property name="java.vm.info" value="mixed mode"/>
    <property name="java.vm.version" value="11.0.19+9-LTS-224"/>
    <property name="sun.io.unicode.encoding" value="UnicodeLittle"/>
    <property name="java.class.version" value="55.0"/>
  </properties>
  <testcase name="FileCreation" classname="artifactid.TextFileCreation2Test" time="0.012">
    <system-out><![CDATA[File created: 15092023_074702_testNG.txt
]]></system-out>
    <system-err><![CDATA[SLF4J: Failed to load class "org.slf4j.impl.StaticLoggerBinder".
SLF4J: Defaulting to no-operation (NOP) logger implementation
SLF4J: See http://www.slf4j.org/codes.html#StaticLoggerBinder for further details.
]]></system-err>
  </testcase>
  <testcase name="FileCreation on FileCreation(artifactid.TextFileCreationTest)" classname="artifactid.TextFileCreationTest" time="0.009">
    <system-out><![CDATA[File created: 15092023_074703.txt
]]></system-out>
  </testcase>
</testsuite>